<?xml version="1.0" encoding="UTF-8"?>
<!-- Generated by org.testng.reporters.JUnitReportReporter -->
<testsuite skipped="5" hostname="DESKTOP-JTUPA23" name="RestAssured.Rest.HttpsCheck" tests="6" failures="0" timestamp="23 Mar 2025 07:44:17 GMT" time="5.287" errors="0">
  <testcase name="createmployee" time="5.287" classname="RestAssured.Rest.HttpsCheck"/>
  <testcase name="getAllEmployeeDetails" classname="RestAssured.Rest.HttpsCheck">
    <skipped/>
  </testcase> <!-- getAllEmployeeDetails -->
  <testcase name="updateemployeedtail" classname="RestAssured.Rest.HttpsCheck">
    <skipped/>
  </testcase> <!-- updateemployeedtail -->
  <testcase name="validategetAllEmployeeDetailsStatusLine" classname="RestAssured.Rest.HttpsCheck">
    <skipped/>
  </testcase> <!-- validategetAllEmployeeDetailsStatusLine -->
  <testcase name="deleteemployeedetails" classname="RestAssured.Rest.HttpsCheck">
    <skipped/>
  </testcase> <!-- deleteemployeedetails -->
  <testcase name="updateemployeedetailusingpatch" classname="RestAssured.Rest.HttpsCheck">
    <skipped/>
  </testcase> <!-- updateemployeedetailusingpatch -->
</testsuite> <!-- RestAssured.Rest.HttpsCheck -->
