<?xml version="1.0" encoding="UTF-8"?>
<!-- Generated by org.testng.reporters.JUnitReportReporter -->
<testsuite skipped="7" hostname="DESKTOP-JTUPA23" name="RestAssured.Rest.HttpsCheck" tests="8" failures="0" timestamp="06 Apr 2025 03:04:40 GMT" time="3.470" errors="0">
  <testcase name="deleteemployeedetail" time="3.470" classname="RestAssured.Rest.HttpsCheck"/>
  <testcase name="getAllEmployeeDetails" classname="RestAssured.Rest.HttpsCheck">
    <skipped/>
  </testcase> <!-- getAllEmployeeDetails -->
  <testcase name="updateemployeedtail" classname="RestAssured.Rest.HttpsCheck">
    <skipped/>
  </testcase> <!-- updateemployeedtail -->
  <testcase name="getemployeedetail" classname="RestAssured.Rest.HttpsCheck">
    <skipped/>
  </testcase> <!-- getemployeedetail -->
  <testcase name="deleteemployeedetails" classname="RestAssured.Rest.HttpsCheck">
    <skipped/>
  </testcase> <!-- deleteemployeedetails -->
  <testcase name="validategetAllEmployeeDetailsStatusLine" classname="RestAssured.Rest.HttpsCheck">
    <skipped/>
  </testcase> <!-- validategetAllEmployeeDetailsStatusLine -->
  <testcase name="createmployee" classname="RestAssured.Rest.HttpsCheck">
    <skipped/>
  </testcase> <!-- createmployee -->
  <testcase name="updateemployeedetailusingpatch" classname="RestAssured.Rest.HttpsCheck">
    <skipped/>
  </testcase> <!-- updateemployeedetailusingpatch -->
</testsuite> <!-- RestAssured.Rest.HttpsCheck -->
